2016-02-07T12:27:03.017Z - info: Server started.
2016-02-07T12:27:06.212Z - debug: SyncProducts Product collection cleaned
2016-02-07T12:27:26.001Z - info: Collect tweets from product: 130
2016-02-07T12:27:26.024Z - debug: Collect tweets connecting to Twitter API, product:131
2016-02-07T12:27:26.028Z - debug: Collect tweets connecting to Twitter API, product:132
2016-02-07T12:27:26.031Z - debug: Collect tweets connecting to Twitter API, product:133
2016-02-07T12:27:26.031Z - debug: Collect tweets connecting to Twitter API, product:134
2016-02-07T12:27:26.032Z - debug: Collect tweets connecting to Twitter API, product:135
2016-02-07T12:27:26.032Z - debug: Collect tweets connecting to Twitter API, product:136
2016-02-07T12:27:26.032Z - debug: Collect tweets connecting to Twitter API, product:137
2016-02-07T12:27:26.032Z - debug: Collect tweets connecting to Twitter API, product:138
2016-02-07T12:27:26.032Z - debug: Collect tweets connecting to Twitter API, product:139
2016-02-07T12:27:26.032Z - debug: Collect tweets connecting to Twitter API, product:140
2016-02-07T12:27:26.032Z - debug: Update last collect tweets product: 140
2016-02-07T12:27:31.007Z - debug: Getting available products (count): 322
2016-02-07T12:27:31.050Z - debug: Popularity collection. Data 2 populate.
2016-02-07T12:27:36.207Z - debug: SyncProducts Product collection cleaned
2016-02-07T12:27:40.978Z - info: Collect tweets from product: 140
2016-02-07T12:27:40.983Z - debug: Collect tweets connecting to Twitter API, product:141
2016-02-07T12:27:40.983Z - debug: Collect tweets connecting to Twitter API, product:142
2016-02-07T12:27:40.983Z - debug: Collect tweets connecting to Twitter API, product:143
2016-02-07T12:27:40.983Z - debug: Collect tweets connecting to Twitter API, product:144
2016-02-07T12:27:40.984Z - debug: Collect tweets connecting to Twitter API, product:145
2016-02-07T12:27:40.984Z - debug: Collect tweets connecting to Twitter API, product:146
2016-02-07T12:27:40.984Z - debug: Collect tweets connecting to Twitter API, product:147
2016-02-07T12:27:40.984Z - debug: Collect tweets connecting to Twitter API, product:148
2016-02-07T12:27:40.984Z - debug: Collect tweets connecting to Twitter API, product:149
2016-02-07T12:27:40.984Z - debug: Collect tweets connecting to Twitter API, product:150
2016-02-07T12:27:40.984Z - debug: Update last collect tweets product: 150
2016-02-07T12:28:00.989Z - debug: Getting available products (count): 322
2016-02-07T12:28:01.024Z - debug: Popularity collection. Data 2 populate.
2016-02-07T12:28:06.134Z - debug: SyncProducts Product collection cleaned
2016-02-07T12:28:25.985Z - info: Collect tweets from product: 150
2016-02-07T12:28:25.996Z - debug: Collect tweets connecting to Twitter API, product:151
2016-02-07T12:28:25.997Z - debug: Collect tweets connecting to Twitter API, product:152
2016-02-07T12:28:25.997Z - debug: Collect tweets connecting to Twitter API, product:153
2016-02-07T12:28:25.997Z - debug: Collect tweets connecting to Twitter API, product:154
2016-02-07T12:28:25.998Z - debug: Collect tweets connecting to Twitter API, product:155
2016-02-07T12:28:25.999Z - debug: Collect tweets connecting to Twitter API, product:156
2016-02-07T12:28:25.999Z - debug: Collect tweets connecting to Twitter API, product:157
2016-02-07T12:28:25.999Z - debug: Collect tweets connecting to Twitter API, product:158
2016-02-07T12:28:26.000Z - debug: Collect tweets connecting to Twitter API, product:159
2016-02-07T12:28:26.000Z - debug: Collect tweets connecting to Twitter API, product:160
2016-02-07T12:28:26.000Z - debug: Update last collect tweets product: 160
2016-02-07T12:30:03.376Z - info: Server started.
2016-02-07T12:30:05.506Z - info: SyncProducts request success: 200	products received: 138087
2016-02-07T12:30:25.356Z - info: Collect tweets from product: 160
2016-02-07T12:30:25.374Z - debug: Collect tweets connecting to Twitter API, product:161
2016-02-07T12:30:25.378Z - debug: Collect tweets connecting to Twitter API, product:162
2016-02-07T12:30:25.379Z - debug: Collect tweets connecting to Twitter API, product:163
2016-02-07T12:30:25.379Z - debug: Collect tweets connecting to Twitter API, product:164
2016-02-07T12:30:25.379Z - debug: Collect tweets connecting to Twitter API, product:165
2016-02-07T12:30:25.379Z - debug: Collect tweets connecting to Twitter API, product:166
2016-02-07T12:30:25.379Z - debug: Collect tweets connecting to Twitter API, product:167
2016-02-07T12:30:25.379Z - debug: Collect tweets connecting to Twitter API, product:168
2016-02-07T12:30:25.379Z - debug: Collect tweets connecting to Twitter API, product:169
2016-02-07T12:30:25.380Z - debug: Collect tweets connecting to Twitter API, product:170
2016-02-07T12:30:25.380Z - debug: Update last collect tweets product: 170
2016-02-07T12:30:30.384Z - info: Getting available products (count): 322
2016-02-07T12:30:30.419Z - debug: Popularity collection. Data 2 populate.
2016-02-07T12:30:35.489Z - info: SyncProducts request success: 200	products received: 138087
2016-02-07T12:30:40.349Z - info: Collect tweets from product: 170
2016-02-07T12:30:40.366Z - debug: Collect tweets connecting to Twitter API, product:171
2016-02-07T12:30:40.367Z - debug: Collect tweets connecting to Twitter API, product:172
2016-02-07T12:30:40.367Z - debug: Collect tweets connecting to Twitter API, product:173
2016-02-07T12:30:40.368Z - debug: Collect tweets connecting to Twitter API, product:174
2016-02-07T12:30:40.368Z - debug: Collect tweets connecting to Twitter API, product:175
2016-02-07T12:30:40.369Z - debug: Collect tweets connecting to Twitter API, product:176
2016-02-07T12:30:40.369Z - debug: Collect tweets connecting to Twitter API, product:177
2016-02-07T12:30:40.369Z - debug: Collect tweets connecting to Twitter API, product:178
2016-02-07T12:30:40.370Z - debug: Collect tweets connecting to Twitter API, product:179
2016-02-07T12:30:40.370Z - debug: Collect tweets connecting to Twitter API, product:180
2016-02-07T12:30:40.371Z - debug: Update last collect tweets product: 180
2016-02-07T12:31:03.510Z - info: Server started.
2016-02-07T12:31:05.638Z - info: SyncProducts request success: 200	products received: 322
2016-02-07T12:31:25.501Z - info: Collect tweets from product: 180
2016-02-07T12:31:25.519Z - debug: Collect tweets connecting to Twitter API, product:181
2016-02-07T12:31:25.524Z - debug: Collect tweets connecting to Twitter API, product:182
2016-02-07T12:31:25.525Z - debug: Collect tweets connecting to Twitter API, product:183
2016-02-07T12:31:25.525Z - debug: Collect tweets connecting to Twitter API, product:184
2016-02-07T12:31:25.525Z - debug: Collect tweets connecting to Twitter API, product:185
2016-02-07T12:31:25.525Z - debug: Collect tweets connecting to Twitter API, product:186
2016-02-07T12:31:25.525Z - debug: Collect tweets connecting to Twitter API, product:187
2016-02-07T12:31:25.526Z - debug: Collect tweets connecting to Twitter API, product:188
2016-02-07T12:31:25.526Z - debug: Collect tweets connecting to Twitter API, product:189
2016-02-07T12:31:25.526Z - debug: Collect tweets connecting to Twitter API, product:190
2016-02-07T12:31:25.526Z - debug: Update last collect tweets product: 190
2016-02-07T12:31:30.529Z - info: Getting available products (count): 322
2016-02-07T12:31:30.566Z - debug: Popularity collection. Data 2 populate.
2016-02-07T12:31:35.638Z - info: SyncProducts request success: 200	products received: 322
2016-02-07T12:31:40.479Z - info: Collect tweets from product: 190
2016-02-07T12:31:40.492Z - debug: Collect tweets connecting to Twitter API, product:191
2016-02-07T12:31:40.493Z - debug: Collect tweets connecting to Twitter API, product:192
2016-02-07T12:31:40.494Z - debug: Collect tweets connecting to Twitter API, product:193
2016-02-07T12:31:40.494Z - debug: Collect tweets connecting to Twitter API, product:194
2016-02-07T12:31:40.494Z - debug: Collect tweets connecting to Twitter API, product:195
2016-02-07T12:31:40.495Z - debug: Collect tweets connecting to Twitter API, product:196
2016-02-07T12:31:40.495Z - debug: Collect tweets connecting to Twitter API, product:197
2016-02-07T12:31:40.495Z - debug: Collect tweets connecting to Twitter API, product:198
2016-02-07T12:31:40.495Z - debug: Collect tweets connecting to Twitter API, product:199
2016-02-07T12:31:40.495Z - debug: Collect tweets connecting to Twitter API, product:200
2016-02-07T12:31:40.496Z - debug: Update last collect tweets product: 200
2016-02-07T12:32:00.495Z - info: Getting available products (count): 322
2016-02-07T12:32:00.528Z - debug: Popularity collection. Data 2 populate.
2016-02-07T12:32:05.613Z - info: SyncProducts request success: 200	products received: 322
