::ffff:127.0.0.1 - - [25/Jan/2016:13:04:03 +0000] "POST /analytics/trending HTTP/1.1" 200 307 "-" "node-superagent/1.3.0"
::ffff:127.0.0.1 - - [25/Jan/2016:13:04:03 +0000] "GET /analytics/recommendation HTTP/1.1" 200 155 "-" "node-superagent/1.3.0"
::ffff:127.0.0.1 - - [25/Jan/2016:13:04:03 +0000] "GET /analytics/recommendation HTTP/1.1" 200 155 "-" "node-superagent/1.3.0"
::1 - - [25/Jan/2016:13:07:22 +0000] "OPTIONS /analytics/trending HTTP/1.1" 200 4 "http://localhost:3000/admin/actions/proSocialNet" "Mozilla/5.0 (Windows NT 10.0; WOW64) AppleWebKit/537.36 (KHTML, like Gecko) Chrome/47.0.2526.111 Safari/537.36"
::1 - - [25/Jan/2016:13:07:27 +0000] "OPTIONS /analytics/trending HTTP/1.1" 200 4 "http://localhost:3000/admin/actions/proSocialNet" "Mozilla/5.0 (Windows NT 10.0; WOW64) AppleWebKit/537.36 (KHTML, like Gecko) Chrome/47.0.2526.111 Safari/537.36"
::1 - - [25/Jan/2016:13:09:21 +0000] "OPTIONS /analytics/trending HTTP/1.1" 200 4 "http://localhost:3000/admin/actions/proSocialNet" "Mozilla/5.0 (Windows NT 10.0; WOW64) AppleWebKit/537.36 (KHTML, like Gecko) Chrome/47.0.2526.111 Safari/537.36"
::1 - - [25/Jan/2016:15:00:14 +0000] "GET //api/products HTTP/1.1" 404 26 "-" "Mozilla/5.0 (Windows NT 10.0; WOW64) AppleWebKit/537.36 (KHTML, like Gecko) Chrome/47.0.2526.111 Safari/537.36"
::1 - - [25/Jan/2016:15:00:23 +0000] "GET /api/products HTTP/1.1" 200 139701 "-" "Mozilla/5.0 (Windows NT 10.0; WOW64) AppleWebKit/537.36 (KHTML, like Gecko) Chrome/47.0.2526.111 Safari/537.36"
::1 - - [25/Jan/2016:15:00:54 +0000] "GET /analytics/trending HTTP/1.1" 404 31 "-" "Mozilla/5.0 (Windows NT 10.0; WOW64) AppleWebKit/537.36 (KHTML, like Gecko) Chrome/47.0.2526.111 Safari/537.36"
::1 - - [25/Jan/2016:15:02:12 +0000] "POST /analytics/trending HTTP/1.1" 200 15 "-" "Mozilla/5.0 (Windows NT 10.0; WOW64) AppleWebKit/537.36 (KHTML, like Gecko) Chrome/47.0.2526.111 Safari/537.36"
::1 - - [25/Jan/2016:15:05:54 +0000] "OPTIONS /analytics/trending HTTP/1.1" 200 4 "http://localhost:3000/admin/actions/proSocialNet" "Mozilla/5.0 (Windows NT 10.0; WOW64) AppleWebKit/537.36 (KHTML, like Gecko) Chrome/47.0.2526.111 Safari/537.36"
::1 - - [25/Jan/2016:15:15:46 +0000] "OPTIONS /analytics/trending HTTP/1.1" 200 4 "http://localhost:3000/admin/actions/proSocialNet" "Mozilla/5.0 (Windows NT 10.0; WOW64) AppleWebKit/537.36 (KHTML, like Gecko) Chrome/47.0.2526.111 Safari/537.36"
::1 - - [25/Jan/2016:15:15:46 +0000] "POST /analytics/trending HTTP/1.1" 200 305 "http://localhost:3000/admin/actions/proSocialNet" "Mozilla/5.0 (Windows NT 10.0; WOW64) AppleWebKit/537.36 (KHTML, like Gecko) Chrome/47.0.2526.111 Safari/537.36"
::1 - - [25/Jan/2016:15:15:56 +0000] "OPTIONS /analytics/trending HTTP/1.1" 200 4 "http://localhost:3000/admin/actions/proSocialNet" "Mozilla/5.0 (Windows NT 10.0; WOW64) AppleWebKit/537.36 (KHTML, like Gecko) Chrome/47.0.2526.111 Safari/537.36"
::1 - - [25/Jan/2016:15:15:56 +0000] "POST /analytics/trending HTTP/1.1" 200 305 "http://localhost:3000/admin/actions/proSocialNet" "Mozilla/5.0 (Windows NT 10.0; WOW64) AppleWebKit/537.36 (KHTML, like Gecko) Chrome/47.0.2526.111 Safari/537.36"
::1 - - [25/Jan/2016:15:24:33 +0000] "OPTIONS /analytics/trending HTTP/1.1" 200 4 "http://localhost:3000/admin/actions/proSocialNet" "Mozilla/5.0 (Windows NT 10.0; WOW64) AppleWebKit/537.36 (KHTML, like Gecko) Chrome/47.0.2526.111 Safari/537.36"
::1 - - [25/Jan/2016:15:24:33 +0000] "POST /analytics/trending HTTP/1.1" 200 305 "http://localhost:3000/admin/actions/proSocialNet" "Mozilla/5.0 (Windows NT 10.0; WOW64) AppleWebKit/537.36 (KHTML, like Gecko) Chrome/47.0.2526.111 Safari/537.36"
::1 - - [25/Jan/2016:15:25:30 +0000] "OPTIONS /analytics/trending HTTP/1.1" 200 4 "http://localhost:3000/admin/actions/proSocialNet" "Mozilla/5.0 (Windows NT 10.0; WOW64) AppleWebKit/537.36 (KHTML, like Gecko) Chrome/47.0.2526.111 Safari/537.36"
::1 - - [25/Jan/2016:15:25:30 +0000] "POST /analytics/trending HTTP/1.1" 200 305 "http://localhost:3000/admin/actions/proSocialNet" "Mozilla/5.0 (Windows NT 10.0; WOW64) AppleWebKit/537.36 (KHTML, like Gecko) Chrome/47.0.2526.111 Safari/537.36"
::1 - - [25/Jan/2016:15:26:55 +0000] "OPTIONS /analytics/trending HTTP/1.1" 200 4 "http://localhost:3000/admin/actions/proSocialNet" "Mozilla/5.0 (Windows NT 10.0; WOW64) AppleWebKit/537.36 (KHTML, like Gecko) Chrome/47.0.2526.111 Safari/537.36"
::1 - - [25/Jan/2016:15:26:55 +0000] "POST /analytics/trending HTTP/1.1" 200 305 "http://localhost:3000/admin/actions/proSocialNet" "Mozilla/5.0 (Windows NT 10.0; WOW64) AppleWebKit/537.36 (KHTML, like Gecko) Chrome/47.0.2526.111 Safari/537.36"
::1 - - [25/Jan/2016:15:28:12 +0000] "OPTIONS /analytics/trending HTTP/1.1" 200 4 "http://localhost:3000/admin/actions/proSocialNet" "Mozilla/5.0 (Windows NT 10.0; WOW64) AppleWebKit/537.36 (KHTML, like Gecko) Chrome/47.0.2526.111 Safari/537.36"
::1 - - [25/Jan/2016:15:28:12 +0000] "POST /analytics/trending HTTP/1.1" 200 305 "http://localhost:3000/admin/actions/proSocialNet" "Mozilla/5.0 (Windows NT 10.0; WOW64) AppleWebKit/537.36 (KHTML, like Gecko) Chrome/47.0.2526.111 Safari/537.36"
::1 - - [25/Jan/2016:15:28:28 +0000] "OPTIONS /analytics/trending HTTP/1.1" 200 4 "http://localhost:3000/admin/actions/proSocialNet" "Mozilla/5.0 (Windows NT 10.0; WOW64) AppleWebKit/537.36 (KHTML, like Gecko) Chrome/47.0.2526.111 Safari/537.36"
::1 - - [25/Jan/2016:15:28:28 +0000] "POST /analytics/trending HTTP/1.1" 200 305 "http://localhost:3000/admin/actions/proSocialNet" "Mozilla/5.0 (Windows NT 10.0; WOW64) AppleWebKit/537.36 (KHTML, like Gecko) Chrome/47.0.2526.111 Safari/537.36"
::1 - - [25/Jan/2016:15:36:10 +0000] "OPTIONS /analytics/trending HTTP/1.1" 200 4 "http://localhost:3000/admin/actions/proSocialNet" "Mozilla/5.0 (Windows NT 10.0; WOW64) AppleWebKit/537.36 (KHTML, like Gecko) Chrome/47.0.2526.111 Safari/537.36"
::1 - - [25/Jan/2016:15:36:10 +0000] "POST /analytics/trending HTTP/1.1" 200 305 "http://localhost:3000/admin/actions/proSocialNet" "Mozilla/5.0 (Windows NT 10.0; WOW64) AppleWebKit/537.36 (KHTML, like Gecko) Chrome/47.0.2526.111 Safari/537.36"
::1 - - [25/Jan/2016:15:36:12 +0000] "POST /analytics/trending HTTP/1.1" 200 305 "http://localhost:3000/admin/actions/proSocialNet" "Mozilla/5.0 (Windows NT 10.0; WOW64) AppleWebKit/537.36 (KHTML, like Gecko) Chrome/47.0.2526.111 Safari/537.36"
::1 - - [25/Jan/2016:15:36:13 +0000] "POST /analytics/trending HTTP/1.1" 200 305 "http://localhost:3000/admin/actions/proSocialNet" "Mozilla/5.0 (Windows NT 10.0; WOW64) AppleWebKit/537.36 (KHTML, like Gecko) Chrome/47.0.2526.111 Safari/537.36"
::1 - - [25/Jan/2016:15:36:14 +0000] "POST /analytics/trending HTTP/1.1" 200 305 "http://localhost:3000/admin/actions/proSocialNet" "Mozilla/5.0 (Windows NT 10.0; WOW64) AppleWebKit/537.36 (KHTML, like Gecko) Chrome/47.0.2526.111 Safari/537.36"
::1 - - [25/Jan/2016:15:39:23 +0000] "OPTIONS /analytics/trending HTTP/1.1" 200 4 "http://localhost:3000/admin/actions/proSocialNet" "Mozilla/5.0 (Windows NT 10.0; WOW64) AppleWebKit/537.36 (KHTML, like Gecko) Chrome/47.0.2526.111 Safari/537.36"
::1 - - [25/Jan/2016:15:39:23 +0000] "POST /analytics/trending HTTP/1.1" 200 305 "http://localhost:3000/admin/actions/proSocialNet" "Mozilla/5.0 (Windows NT 10.0; WOW64) AppleWebKit/537.36 (KHTML, like Gecko) Chrome/47.0.2526.111 Safari/537.36"
::1 - - [25/Jan/2016:15:40:57 +0000] "OPTIONS /analytics/trending HTTP/1.1" 200 4 "http://localhost:3000/admin/actions/proSocialNet" "Mozilla/5.0 (Windows NT 10.0; WOW64) AppleWebKit/537.36 (KHTML, like Gecko) Chrome/47.0.2526.111 Safari/537.36"
::1 - - [25/Jan/2016:15:40:57 +0000] "POST /analytics/trending HTTP/1.1" 200 305 "http://localhost:3000/admin/actions/proSocialNet" "Mozilla/5.0 (Windows NT 10.0; WOW64) AppleWebKit/537.36 (KHTML, like Gecko) Chrome/47.0.2526.111 Safari/537.36"
::1 - - [25/Jan/2016:15:41:47 +0000] "OPTIONS /analytics/trending HTTP/1.1" 200 4 "http://localhost:3000/admin/actions/proSocialNet" "Mozilla/5.0 (Windows NT 10.0; WOW64) AppleWebKit/537.36 (KHTML, like Gecko) Chrome/47.0.2526.111 Safari/537.36"
::1 - - [25/Jan/2016:15:41:47 +0000] "POST /analytics/trending HTTP/1.1" 200 305 "http://localhost:3000/admin/actions/proSocialNet" "Mozilla/5.0 (Windows NT 10.0; WOW64) AppleWebKit/537.36 (KHTML, like Gecko) Chrome/47.0.2526.111 Safari/537.36"
::1 - - [25/Jan/2016:15:42:21 +0000] "OPTIONS /analytics/trending HTTP/1.1" 200 4 "http://localhost:3000/admin/actions/proSocialNet" "Mozilla/5.0 (Windows NT 10.0; WOW64) AppleWebKit/537.36 (KHTML, like Gecko) Chrome/47.0.2526.111 Safari/537.36"
::1 - - [25/Jan/2016:15:42:21 +0000] "POST /analytics/trending HTTP/1.1" 200 305 "http://localhost:3000/admin/actions/proSocialNet" "Mozilla/5.0 (Windows NT 10.0; WOW64) AppleWebKit/537.36 (KHTML, like Gecko) Chrome/47.0.2526.111 Safari/537.36"
::1 - - [25/Jan/2016:15:42:45 +0000] "OPTIONS /analytics/trending HTTP/1.1" 200 4 "http://localhost:3000/admin/actions/proSocialNet" "Mozilla/5.0 (Windows NT 10.0; WOW64) AppleWebKit/537.36 (KHTML, like Gecko) Chrome/47.0.2526.111 Safari/537.36"
::1 - - [25/Jan/2016:15:42:45 +0000] "POST /analytics/trending HTTP/1.1" 200 305 "http://localhost:3000/admin/actions/proSocialNet" "Mozilla/5.0 (Windows NT 10.0; WOW64) AppleWebKit/537.36 (KHTML, like Gecko) Chrome/47.0.2526.111 Safari/537.36"
::1 - - [25/Jan/2016:15:42:46 +0000] "POST /analytics/trending HTTP/1.1" 200 305 "http://localhost:3000/admin/actions/proSocialNet" "Mozilla/5.0 (Windows NT 10.0; WOW64) AppleWebKit/537.36 (KHTML, like Gecko) Chrome/47.0.2526.111 Safari/537.36"
::1 - - [25/Jan/2016:15:44:42 +0000] "OPTIONS /analytics/trending HTTP/1.1" 200 4 "http://localhost:3000/admin/actions/proSocialNet" "Mozilla/5.0 (Windows NT 10.0; WOW64) AppleWebKit/537.36 (KHTML, like Gecko) Chrome/47.0.2526.111 Safari/537.36"
::1 - - [25/Jan/2016:15:44:42 +0000] "POST /analytics/trending HTTP/1.1" 200 305 "http://localhost:3000/admin/actions/proSocialNet" "Mozilla/5.0 (Windows NT 10.0; WOW64) AppleWebKit/537.36 (KHTML, like Gecko) Chrome/47.0.2526.111 Safari/537.36"
::1 - - [25/Jan/2016:15:44:43 +0000] "POST /analytics/trending HTTP/1.1" 200 305 "http://localhost:3000/admin/actions/proSocialNet" "Mozilla/5.0 (Windows NT 10.0; WOW64) AppleWebKit/537.36 (KHTML, like Gecko) Chrome/47.0.2526.111 Safari/537.36"
::1 - - [25/Jan/2016:15:45:34 +0000] "OPTIONS /analytics/trending HTTP/1.1" 200 4 "http://localhost:3000/admin/actions/proSocialNet" "Mozilla/5.0 (Windows NT 10.0; WOW64) AppleWebKit/537.36 (KHTML, like Gecko) Chrome/47.0.2526.111 Safari/537.36"
::1 - - [25/Jan/2016:15:45:34 +0000] "POST /analytics/trending HTTP/1.1" 200 305 "http://localhost:3000/admin/actions/proSocialNet" "Mozilla/5.0 (Windows NT 10.0; WOW64) AppleWebKit/537.36 (KHTML, like Gecko) Chrome/47.0.2526.111 Safari/537.36"
::1 - - [25/Jan/2016:15:46:53 +0000] "OPTIONS /analytics/trending HTTP/1.1" 200 4 "http://localhost:3000/admin/actions/proSocialNet" "Mozilla/5.0 (Windows NT 10.0; WOW64) AppleWebKit/537.36 (KHTML, like Gecko) Chrome/47.0.2526.111 Safari/537.36"
::1 - - [25/Jan/2016:15:46:53 +0000] "POST /analytics/trending HTTP/1.1" 200 305 "http://localhost:3000/admin/actions/proSocialNet" "Mozilla/5.0 (Windows NT 10.0; WOW64) AppleWebKit/537.36 (KHTML, like Gecko) Chrome/47.0.2526.111 Safari/537.36"
::1 - - [25/Jan/2016:15:46:54 +0000] "POST /analytics/trending HTTP/1.1" 200 305 "http://localhost:3000/admin/actions/proSocialNet" "Mozilla/5.0 (Windows NT 10.0; WOW64) AppleWebKit/537.36 (KHTML, like Gecko) Chrome/47.0.2526.111 Safari/537.36"
::1 - - [25/Jan/2016:15:46:57 +0000] "POST /analytics/trending HTTP/1.1" 200 305 "http://localhost:3000/admin/actions/proSocialNet" "Mozilla/5.0 (Windows NT 10.0; WOW64) AppleWebKit/537.36 (KHTML, like Gecko) Chrome/47.0.2526.111 Safari/537.36"
::1 - - [25/Jan/2016:15:49:45 +0000] "OPTIONS /analytics/trending HTTP/1.1" 200 4 "http://localhost:3000/admin/actions/proSocialNet" "Mozilla/5.0 (Windows NT 10.0; WOW64) AppleWebKit/537.36 (KHTML, like Gecko) Chrome/47.0.2526.111 Safari/537.36"
::1 - - [25/Jan/2016:15:49:45 +0000] "POST /analytics/trending HTTP/1.1" 200 305 "http://localhost:3000/admin/actions/proSocialNet" "Mozilla/5.0 (Windows NT 10.0; WOW64) AppleWebKit/537.36 (KHTML, like Gecko) Chrome/47.0.2526.111 Safari/537.36"
::1 - - [25/Jan/2016:15:49:46 +0000] "POST /analytics/trending HTTP/1.1" 200 305 "http://localhost:3000/admin/actions/proSocialNet" "Mozilla/5.0 (Windows NT 10.0; WOW64) AppleWebKit/537.36 (KHTML, like Gecko) Chrome/47.0.2526.111 Safari/537.36"
::1 - - [25/Jan/2016:15:51:23 +0000] "OPTIONS /analytics/trending HTTP/1.1" 200 4 "http://localhost:3000/admin/actions/proSocialNet" "Mozilla/5.0 (Windows NT 10.0; WOW64) AppleWebKit/537.36 (KHTML, like Gecko) Chrome/47.0.2526.111 Safari/537.36"
::1 - - [25/Jan/2016:15:51:23 +0000] "POST /analytics/trending HTTP/1.1" 200 305 "http://localhost:3000/admin/actions/proSocialNet" "Mozilla/5.0 (Windows NT 10.0; WOW64) AppleWebKit/537.36 (KHTML, like Gecko) Chrome/47.0.2526.111 Safari/537.36"
::1 - - [25/Jan/2016:15:53:47 +0000] "OPTIONS /analytics/trending HTTP/1.1" 200 4 "http://localhost:3000/admin/actions/proSocialNet" "Mozilla/5.0 (Windows NT 10.0; WOW64) AppleWebKit/537.36 (KHTML, like Gecko) Chrome/47.0.2526.111 Safari/537.36"
::1 - - [25/Jan/2016:15:53:47 +0000] "POST /analytics/trending HTTP/1.1" 200 305 "http://localhost:3000/admin/actions/proSocialNet" "Mozilla/5.0 (Windows NT 10.0; WOW64) AppleWebKit/537.36 (KHTML, like Gecko) Chrome/47.0.2526.111 Safari/537.36"
::1 - - [25/Jan/2016:15:54:27 +0000] "OPTIONS /analytics/trending HTTP/1.1" 200 4 "http://localhost:3000/admin/actions/proSocialNet" "Mozilla/5.0 (Windows NT 10.0; WOW64) AppleWebKit/537.36 (KHTML, like Gecko) Chrome/47.0.2526.111 Safari/537.36"
::1 - - [25/Jan/2016:15:54:27 +0000] "POST /analytics/trending HTTP/1.1" 200 305 "http://localhost:3000/admin/actions/proSocialNet" "Mozilla/5.0 (Windows NT 10.0; WOW64) AppleWebKit/537.36 (KHTML, like Gecko) Chrome/47.0.2526.111 Safari/537.36"
::1 - - [25/Jan/2016:15:54:51 +0000] "OPTIONS /analytics/trending HTTP/1.1" 200 4 "http://localhost:3000/admin/actions/proSocialNet" "Mozilla/5.0 (Windows NT 10.0; WOW64) AppleWebKit/537.36 (KHTML, like Gecko) Chrome/47.0.2526.111 Safari/537.36"
::1 - - [25/Jan/2016:15:54:51 +0000] "POST /analytics/trending HTTP/1.1" 200 24 "http://localhost:3000/admin/actions/proSocialNet" "Mozilla/5.0 (Windows NT 10.0; WOW64) AppleWebKit/537.36 (KHTML, like Gecko) Chrome/47.0.2526.111 Safari/537.36"
::1 - - [25/Jan/2016:15:54:56 +0000] "POST /analytics/trending HTTP/1.1" 200 24 "http://localhost:3000/admin/actions/proSocialNet" "Mozilla/5.0 (Windows NT 10.0; WOW64) AppleWebKit/537.36 (KHTML, like Gecko) Chrome/47.0.2526.111 Safari/537.36"
::1 - - [25/Jan/2016:15:55:11 +0000] "OPTIONS /analytics/trending HTTP/1.1" 200 4 "http://localhost:3000/admin/actions/proSocialNet" "Mozilla/5.0 (Windows NT 10.0; WOW64) AppleWebKit/537.36 (KHTML, like Gecko) Chrome/47.0.2526.111 Safari/537.36"
::1 - - [25/Jan/2016:15:55:11 +0000] "POST /analytics/trending HTTP/1.1" 200 24 "http://localhost:3000/admin/actions/proSocialNet" "Mozilla/5.0 (Windows NT 10.0; WOW64) AppleWebKit/537.36 (KHTML, like Gecko) Chrome/47.0.2526.111 Safari/537.36"
::1 - - [25/Jan/2016:15:55:41 +0000] "OPTIONS /analytics/trending HTTP/1.1" 200 4 "http://localhost:3000/admin/actions/proSocialNet" "Mozilla/5.0 (Windows NT 10.0; WOW64) AppleWebKit/537.36 (KHTML, like Gecko) Chrome/47.0.2526.111 Safari/537.36"
::1 - - [25/Jan/2016:15:55:41 +0000] "POST /analytics/trending HTTP/1.1" 200 24 "http://localhost:3000/admin/actions/proSocialNet" "Mozilla/5.0 (Windows NT 10.0; WOW64) AppleWebKit/537.36 (KHTML, like Gecko) Chrome/47.0.2526.111 Safari/537.36"
::1 - - [25/Jan/2016:15:56:04 +0000] "OPTIONS /analytics/trending HTTP/1.1" 200 4 "http://localhost:3000/admin/actions/proSocialNet" "Mozilla/5.0 (Windows NT 10.0; WOW64) AppleWebKit/537.36 (KHTML, like Gecko) Chrome/47.0.2526.111 Safari/537.36"
::1 - - [25/Jan/2016:15:56:04 +0000] "POST /analytics/trending HTTP/1.1" 200 305 "http://localhost:3000/admin/actions/proSocialNet" "Mozilla/5.0 (Windows NT 10.0; WOW64) AppleWebKit/537.36 (KHTML, like Gecko) Chrome/47.0.2526.111 Safari/537.36"
::1 - - [25/Jan/2016:15:56:26 +0000] "OPTIONS /analytics/trending HTTP/1.1" 200 4 "http://localhost:3000/admin/actions/proSocialNet" "Mozilla/5.0 (Windows NT 10.0; WOW64) AppleWebKit/537.36 (KHTML, like Gecko) Chrome/47.0.2526.111 Safari/537.36"
::1 - - [25/Jan/2016:15:56:26 +0000] "POST /analytics/trending HTTP/1.1" 200 24 "http://localhost:3000/admin/actions/proSocialNet" "Mozilla/5.0 (Windows NT 10.0; WOW64) AppleWebKit/537.36 (KHTML, like Gecko) Chrome/47.0.2526.111 Safari/537.36"
::1 - - [25/Jan/2016:15:56:51 +0000] "OPTIONS /analytics/trending HTTP/1.1" 200 4 "http://localhost:3000/admin/actions/proSocialNet" "Mozilla/5.0 (Windows NT 10.0; WOW64) AppleWebKit/537.36 (KHTML, like Gecko) Chrome/47.0.2526.111 Safari/537.36"
::1 - - [25/Jan/2016:15:56:51 +0000] "POST /analytics/trending HTTP/1.1" 200 24 "http://localhost:3000/admin/actions/proSocialNet" "Mozilla/5.0 (Windows NT 10.0; WOW64) AppleWebKit/537.36 (KHTML, like Gecko) Chrome/47.0.2526.111 Safari/537.36"
::1 - - [25/Jan/2016:15:57:20 +0000] "OPTIONS /analytics/trending HTTP/1.1" 200 4 "http://localhost:3000/admin/actions/proSocialNet" "Mozilla/5.0 (Windows NT 10.0; WOW64) AppleWebKit/537.36 (KHTML, like Gecko) Chrome/47.0.2526.111 Safari/537.36"
::1 - - [25/Jan/2016:15:57:20 +0000] "POST /analytics/trending HTTP/1.1" 200 305 "http://localhost:3000/admin/actions/proSocialNet" "Mozilla/5.0 (Windows NT 10.0; WOW64) AppleWebKit/537.36 (KHTML, like Gecko) Chrome/47.0.2526.111 Safari/537.36"
::1 - - [25/Jan/2016:15:57:55 +0000] "OPTIONS /analytics/trending HTTP/1.1" 200 4 "http://localhost:3000/admin/actions/proSocialNet" "Mozilla/5.0 (Windows NT 10.0; WOW64) AppleWebKit/537.36 (KHTML, like Gecko) Chrome/47.0.2526.111 Safari/537.36"
::1 - - [25/Jan/2016:15:57:55 +0000] "POST /analytics/trending HTTP/1.1" 200 117 "http://localhost:3000/admin/actions/proSocialNet" "Mozilla/5.0 (Windows NT 10.0; WOW64) AppleWebKit/537.36 (KHTML, like Gecko) Chrome/47.0.2526.111 Safari/537.36"
::1 - - [25/Jan/2016:15:58:15 +0000] "OPTIONS /analytics/trending HTTP/1.1" 200 4 "http://localhost:3000/admin/actions/proSocialNet" "Mozilla/5.0 (Windows NT 10.0; WOW64) AppleWebKit/537.36 (KHTML, like Gecko) Chrome/47.0.2526.111 Safari/537.36"
::1 - - [25/Jan/2016:15:58:15 +0000] "POST /analytics/trending HTTP/1.1" 200 70 "http://localhost:3000/admin/actions/proSocialNet" "Mozilla/5.0 (Windows NT 10.0; WOW64) AppleWebKit/537.36 (KHTML, like Gecko) Chrome/47.0.2526.111 Safari/537.36"
::1 - - [25/Jan/2016:15:58:43 +0000] "OPTIONS /analytics/trending HTTP/1.1" 200 4 "http://localhost:3000/admin/actions/proSocialNet" "Mozilla/5.0 (Windows NT 10.0; WOW64) AppleWebKit/537.36 (KHTML, like Gecko) Chrome/47.0.2526.111 Safari/537.36"
::1 - - [25/Jan/2016:15:58:43 +0000] "POST /analytics/trending HTTP/1.1" 200 70 "http://localhost:3000/admin/actions/proSocialNet" "Mozilla/5.0 (Windows NT 10.0; WOW64) AppleWebKit/537.36 (KHTML, like Gecko) Chrome/47.0.2526.111 Safari/537.36"
::1 - - [25/Jan/2016:15:58:51 +0000] "OPTIONS /analytics/trending HTTP/1.1" 200 4 "http://localhost:3000/admin/actions/proSocialNet" "Mozilla/5.0 (Windows NT 10.0; WOW64) AppleWebKit/537.36 (KHTML, like Gecko) Chrome/47.0.2526.111 Safari/537.36"
::1 - - [25/Jan/2016:15:58:51 +0000] "POST /analytics/trending HTTP/1.1" 200 70 "http://localhost:3000/admin/actions/proSocialNet" "Mozilla/5.0 (Windows NT 10.0; WOW64) AppleWebKit/537.36 (KHTML, like Gecko) Chrome/47.0.2526.111 Safari/537.36"
::1 - - [25/Jan/2016:15:59:01 +0000] "OPTIONS /analytics/trending HTTP/1.1" 200 4 "http://localhost:3000/admin/actions/proSocialNet" "Mozilla/5.0 (Windows NT 10.0; WOW64) AppleWebKit/537.36 (KHTML, like Gecko) Chrome/47.0.2526.111 Safari/537.36"
::1 - - [25/Jan/2016:15:59:01 +0000] "POST /analytics/trending HTTP/1.1" 200 70 "http://localhost:3000/admin/actions/proSocialNet" "Mozilla/5.0 (Windows NT 10.0; WOW64) AppleWebKit/537.36 (KHTML, like Gecko) Chrome/47.0.2526.111 Safari/537.36"
::1 - - [25/Jan/2016:15:59:13 +0000] "OPTIONS /analytics/trending HTTP/1.1" 200 4 "http://localhost:3000/admin/actions/proSocialNet" "Mozilla/5.0 (Windows NT 10.0; WOW64) AppleWebKit/537.36 (KHTML, like Gecko) Chrome/47.0.2526.111 Safari/537.36"
::1 - - [25/Jan/2016:15:59:13 +0000] "POST /analytics/trending HTTP/1.1" 200 70 "http://localhost:3000/admin/actions/proSocialNet" "Mozilla/5.0 (Windows NT 10.0; WOW64) AppleWebKit/537.36 (KHTML, like Gecko) Chrome/47.0.2526.111 Safari/537.36"
::1 - - [25/Jan/2016:16:00:16 +0000] "OPTIONS /analytics/trending HTTP/1.1" 200 4 "http://localhost:3000/admin/actions/proSocialNet" "Mozilla/5.0 (Windows NT 10.0; WOW64) AppleWebKit/537.36 (KHTML, like Gecko) Chrome/47.0.2526.111 Safari/537.36"
::1 - - [25/Jan/2016:16:00:16 +0000] "POST /analytics/trending HTTP/1.1" 200 305 "http://localhost:3000/admin/actions/proSocialNet" "Mozilla/5.0 (Windows NT 10.0; WOW64) AppleWebKit/537.36 (KHTML, like Gecko) Chrome/47.0.2526.111 Safari/537.36"
::1 - - [25/Jan/2016:16:04:51 +0000] "OPTIONS /analytics/trending HTTP/1.1" 200 4 "http://localhost:3000/admin/actions/proSocialNet" "Mozilla/5.0 (Windows NT 10.0; WOW64) AppleWebKit/537.36 (KHTML, like Gecko) Chrome/47.0.2526.111 Safari/537.36"
::1 - - [25/Jan/2016:16:04:51 +0000] "POST /analytics/trending HTTP/1.1" 200 305 "http://localhost:3000/admin/actions/proSocialNet" "Mozilla/5.0 (Windows NT 10.0; WOW64) AppleWebKit/537.36 (KHTML, like Gecko) Chrome/47.0.2526.111 Safari/537.36"
::1 - - [25/Jan/2016:16:09:29 +0000] "OPTIONS /analytics/trending HTTP/1.1" 200 4 "http://localhost:3000/admin/actions/proSocialNet" "Mozilla/5.0 (Windows NT 10.0; WOW64) AppleWebKit/537.36 (KHTML, like Gecko) Chrome/47.0.2526.111 Safari/537.36"
::1 - - [25/Jan/2016:16:09:29 +0000] "POST /analytics/trending HTTP/1.1" 200 305 "http://localhost:3000/admin/actions/proSocialNet" "Mozilla/5.0 (Windows NT 10.0; WOW64) AppleWebKit/537.36 (KHTML, like Gecko) Chrome/47.0.2526.111 Safari/537.36"
::1 - - [25/Jan/2016:16:12:57 +0000] "OPTIONS /analytics/trending HTTP/1.1" 200 4 "http://localhost:3000/admin/actions/proSocialNet" "Mozilla/5.0 (Windows NT 10.0; WOW64) AppleWebKit/537.36 (KHTML, like Gecko) Chrome/47.0.2526.111 Safari/537.36"
::1 - - [25/Jan/2016:16:12:57 +0000] "POST /analytics/trending HTTP/1.1" 200 305 "http://localhost:3000/admin/actions/proSocialNet" "Mozilla/5.0 (Windows NT 10.0; WOW64) AppleWebKit/537.36 (KHTML, like Gecko) Chrome/47.0.2526.111 Safari/537.36"
::1 - - [25/Jan/2016:16:17:19 +0000] "OPTIONS /analytics/trending HTTP/1.1" 200 4 "http://localhost:3000/admin/actions/proSocialNet" "Mozilla/5.0 (Windows NT 10.0; WOW64) AppleWebKit/537.36 (KHTML, like Gecko) Chrome/47.0.2526.111 Safari/537.36"
::1 - - [25/Jan/2016:16:17:19 +0000] "POST /analytics/trending HTTP/1.1" 200 305 "http://localhost:3000/admin/actions/proSocialNet" "Mozilla/5.0 (Windows NT 10.0; WOW64) AppleWebKit/537.36 (KHTML, like Gecko) Chrome/47.0.2526.111 Safari/537.36"
::1 - - [25/Jan/2016:16:18:52 +0000] "OPTIONS /analytics/trending HTTP/1.1" 200 4 "http://localhost:3000/admin/actions/proSocialNet" "Mozilla/5.0 (Windows NT 10.0; WOW64) AppleWebKit/537.36 (KHTML, like Gecko) Chrome/47.0.2526.111 Safari/537.36"
::1 - - [25/Jan/2016:16:18:52 +0000] "POST /analytics/trending HTTP/1.1" 200 305 "http://localhost:3000/admin/actions/proSocialNet" "Mozilla/5.0 (Windows NT 10.0; WOW64) AppleWebKit/537.36 (KHTML, like Gecko) Chrome/47.0.2526.111 Safari/537.36"
::1 - - [25/Jan/2016:16:18:53 +0000] "POST /analytics/trending HTTP/1.1" 200 305 "http://localhost:3000/admin/actions/proSocialNet" "Mozilla/5.0 (Windows NT 10.0; WOW64) AppleWebKit/537.36 (KHTML, like Gecko) Chrome/47.0.2526.111 Safari/537.36"
::1 - - [25/Jan/2016:16:18:54 +0000] "POST /analytics/trending HTTP/1.1" 200 305 "http://localhost:3000/admin/actions/proSocialNet" "Mozilla/5.0 (Windows NT 10.0; WOW64) AppleWebKit/537.36 (KHTML, like Gecko) Chrome/47.0.2526.111 Safari/537.36"
::1 - - [25/Jan/2016:16:23:55 +0000] "OPTIONS /analytics/trending HTTP/1.1" 200 4 "http://localhost:3000/admin/actions/proSocialNet" "Mozilla/5.0 (Windows NT 10.0; WOW64) AppleWebKit/537.36 (KHTML, like Gecko) Chrome/47.0.2526.111 Safari/537.36"
::1 - - [25/Jan/2016:16:23:55 +0000] "POST /analytics/trending HTTP/1.1" 200 305 "http://localhost:3000/admin/actions/proSocialNet" "Mozilla/5.0 (Windows NT 10.0; WOW64) AppleWebKit/537.36 (KHTML, like Gecko) Chrome/47.0.2526.111 Safari/537.36"
::1 - - [25/Jan/2016:16:24:45 +0000] "OPTIONS /analytics/trending HTTP/1.1" 200 4 "http://localhost:3000/admin/actions/proSocialNet" "Mozilla/5.0 (Windows NT 10.0; WOW64) AppleWebKit/537.36 (KHTML, like Gecko) Chrome/47.0.2526.111 Safari/537.36"
::1 - - [25/Jan/2016:16:24:45 +0000] "POST /analytics/trending HTTP/1.1" 200 24 "http://localhost:3000/admin/actions/proSocialNet" "Mozilla/5.0 (Windows NT 10.0; WOW64) AppleWebKit/537.36 (KHTML, like Gecko) Chrome/47.0.2526.111 Safari/537.36"
::1 - - [25/Jan/2016:16:24:59 +0000] "OPTIONS /analytics/trending HTTP/1.1" 200 4 "http://localhost:3000/admin/actions/proSocialNet" "Mozilla/5.0 (Windows NT 10.0; WOW64) AppleWebKit/537.36 (KHTML, like Gecko) Chrome/47.0.2526.111 Safari/537.36"
::1 - - [25/Jan/2016:16:24:59 +0000] "POST /analytics/trending HTTP/1.1" 200 70 "http://localhost:3000/admin/actions/proSocialNet" "Mozilla/5.0 (Windows NT 10.0; WOW64) AppleWebKit/537.36 (KHTML, like Gecko) Chrome/47.0.2526.111 Safari/537.36"
::1 - - [25/Jan/2016:16:49:32 +0000] "OPTIONS /analytics/trending HTTP/1.1" 200 4 "http://localhost:3000/admin/actions/proSocialNet" "Mozilla/5.0 (Windows NT 10.0; WOW64) AppleWebKit/537.36 (KHTML, like Gecko) Chrome/47.0.2526.111 Safari/537.36"
::1 - - [25/Jan/2016:16:49:32 +0000] "POST /analytics/trending HTTP/1.1" 200 70 "http://localhost:3000/admin/actions/proSocialNet" "Mozilla/5.0 (Windows NT 10.0; WOW64) AppleWebKit/537.36 (KHTML, like Gecko) Chrome/47.0.2526.111 Safari/537.36"
::1 - - [25/Jan/2016:16:57:20 +0000] "OPTIONS /analytics/trending HTTP/1.1" 200 4 "http://localhost:3000/admin/actions/proSocialNet" "Mozilla/5.0 (Windows NT 10.0; WOW64) AppleWebKit/537.36 (KHTML, like Gecko) Chrome/47.0.2526.111 Safari/537.36"
::1 - - [25/Jan/2016:16:57:20 +0000] "POST /analytics/trending HTTP/1.1" 200 305 "http://localhost:3000/admin/actions/proSocialNet" "Mozilla/5.0 (Windows NT 10.0; WOW64) AppleWebKit/537.36 (KHTML, like Gecko) Chrome/47.0.2526.111 Safari/537.36"
::1 - - [25/Jan/2016:17:04:02 +0000] "OPTIONS /analytics/trending HTTP/1.1" 200 4 "http://localhost:3000/admin/actions/proSocialNet" "Mozilla/5.0 (Windows NT 10.0; WOW64) AppleWebKit/537.36 (KHTML, like Gecko) Chrome/47.0.2526.111 Safari/537.36"
::1 - - [25/Jan/2016:17:04:02 +0000] "POST /analytics/trending HTTP/1.1" 200 117 "http://localhost:3000/admin/actions/proSocialNet" "Mozilla/5.0 (Windows NT 10.0; WOW64) AppleWebKit/537.36 (KHTML, like Gecko) Chrome/47.0.2526.111 Safari/537.36"
::1 - - [25/Jan/2016:17:04:09 +0000] "OPTIONS /analytics/trending HTTP/1.1" 200 4 "http://localhost:3000/admin/actions/proSocialNet" "Mozilla/5.0 (Windows NT 10.0; WOW64) AppleWebKit/537.36 (KHTML, like Gecko) Chrome/47.0.2526.111 Safari/537.36"
::1 - - [25/Jan/2016:17:04:09 +0000] "POST /analytics/trending HTTP/1.1" 200 117 "http://localhost:3000/admin/actions/proSocialNet" "Mozilla/5.0 (Windows NT 10.0; WOW64) AppleWebKit/537.36 (KHTML, like Gecko) Chrome/47.0.2526.111 Safari/537.36"
::1 - - [25/Jan/2016:17:04:19 +0000] "OPTIONS /analytics/trending HTTP/1.1" 200 4 "http://localhost:3000/admin/actions/proSocialNet" "Mozilla/5.0 (Windows NT 10.0; WOW64) AppleWebKit/537.36 (KHTML, like Gecko) Chrome/47.0.2526.111 Safari/537.36"
::1 - - [25/Jan/2016:17:04:19 +0000] "POST /analytics/trending HTTP/1.1" 200 117 "http://localhost:3000/admin/actions/proSocialNet" "Mozilla/5.0 (Windows NT 10.0; WOW64) AppleWebKit/537.36 (KHTML, like Gecko) Chrome/47.0.2526.111 Safari/537.36"
::1 - - [25/Jan/2016:17:07:20 +0000] "OPTIONS /analytics/trending HTTP/1.1" 200 4 "http://localhost:3000/admin/actions/proSocialNet" "Mozilla/5.0 (Windows NT 10.0; WOW64) AppleWebKit/537.36 (KHTML, like Gecko) Chrome/47.0.2526.111 Safari/537.36"
::1 - - [25/Jan/2016:17:07:20 +0000] "POST /analytics/trending HTTP/1.1" 200 305 "http://localhost:3000/admin/actions/proSocialNet" "Mozilla/5.0 (Windows NT 10.0; WOW64) AppleWebKit/537.36 (KHTML, like Gecko) Chrome/47.0.2526.111 Safari/537.36"
::1 - - [25/Jan/2016:17:15:44 +0000] "OPTIONS /analytics/trending HTTP/1.1" 200 4 "http://localhost:3000/admin/actions/proSocialNet" "Mozilla/5.0 (Windows NT 10.0; WOW64) AppleWebKit/537.36 (KHTML, like Gecko) Chrome/47.0.2526.111 Safari/537.36"
::1 - - [25/Jan/2016:17:15:44 +0000] "POST /analytics/trending HTTP/1.1" 200 305 "http://localhost:3000/admin/actions/proSocialNet" "Mozilla/5.0 (Windows NT 10.0; WOW64) AppleWebKit/537.36 (KHTML, like Gecko) Chrome/47.0.2526.111 Safari/537.36"
::1 - - [25/Jan/2016:17:16:03 +0000] "OPTIONS /analytics/trending HTTP/1.1" 200 4 "http://localhost:3000/admin/actions/proSocialNet" "Mozilla/5.0 (Windows NT 10.0; WOW64) AppleWebKit/537.36 (KHTML, like Gecko) Chrome/47.0.2526.111 Safari/537.36"
::1 - - [25/Jan/2016:17:16:03 +0000] "POST /analytics/trending HTTP/1.1" 200 305 "http://localhost:3000/admin/actions/proSocialNet" "Mozilla/5.0 (Windows NT 10.0; WOW64) AppleWebKit/537.36 (KHTML, like Gecko) Chrome/47.0.2526.111 Safari/537.36"
::1 - - [25/Jan/2016:17:16:57 +0000] "OPTIONS /analytics/trending HTTP/1.1" 200 4 "http://localhost:3000/admin/actions/proSocialNet" "Mozilla/5.0 (Windows NT 10.0; WOW64) AppleWebKit/537.36 (KHTML, like Gecko) Chrome/47.0.2526.111 Safari/537.36"
::1 - - [25/Jan/2016:17:16:57 +0000] "POST /analytics/trending HTTP/1.1" 200 305 "http://localhost:3000/admin/actions/proSocialNet" "Mozilla/5.0 (Windows NT 10.0; WOW64) AppleWebKit/537.36 (KHTML, like Gecko) Chrome/47.0.2526.111 Safari/537.36"
::1 - - [25/Jan/2016:17:22:08 +0000] "OPTIONS /analytics/trending HTTP/1.1" 200 4 "http://localhost:3000/admin/actions/proSocialNet" "Mozilla/5.0 (Windows NT 10.0; WOW64) AppleWebKit/537.36 (KHTML, like Gecko) Chrome/47.0.2526.111 Safari/537.36"
::1 - - [25/Jan/2016:17:22:08 +0000] "POST /analytics/trending HTTP/1.1" 200 305 "http://localhost:3000/admin/actions/proSocialNet" "Mozilla/5.0 (Windows NT 10.0; WOW64) AppleWebKit/537.36 (KHTML, like Gecko) Chrome/47.0.2526.111 Safari/537.36"
::1 - - [25/Jan/2016:17:22:51 +0000] "OPTIONS /analytics/trending HTTP/1.1" 200 4 "http://localhost:3000/admin/actions/proSocialNet" "Mozilla/5.0 (Windows NT 10.0; WOW64) AppleWebKit/537.36 (KHTML, like Gecko) Chrome/47.0.2526.111 Safari/537.36"
::1 - - [25/Jan/2016:17:22:51 +0000] "POST /analytics/trending HTTP/1.1" 200 305 "http://localhost:3000/admin/actions/proSocialNet" "Mozilla/5.0 (Windows NT 10.0; WOW64) AppleWebKit/537.36 (KHTML, like Gecko) Chrome/47.0.2526.111 Safari/537.36"
::1 - - [25/Jan/2016:17:23:57 +0000] "OPTIONS /analytics/trending HTTP/1.1" 200 4 "http://localhost:3000/admin/actions/proSocialNet" "Mozilla/5.0 (Windows NT 10.0; WOW64) AppleWebKit/537.36 (KHTML, like Gecko) Chrome/47.0.2526.111 Safari/537.36"
::1 - - [25/Jan/2016:17:23:57 +0000] "POST /analytics/trending HTTP/1.1" 200 305 "http://localhost:3000/admin/actions/proSocialNet" "Mozilla/5.0 (Windows NT 10.0; WOW64) AppleWebKit/537.36 (KHTML, like Gecko) Chrome/47.0.2526.111 Safari/537.36"
::1 - - [25/Jan/2016:17:24:01 +0000] "POST /analytics/trending HTTP/1.1" 200 305 "http://localhost:3000/admin/actions/proSocialNet" "Mozilla/5.0 (Windows NT 10.0; WOW64) AppleWebKit/537.36 (KHTML, like Gecko) Chrome/47.0.2526.111 Safari/537.36"
::1 - - [25/Jan/2016:17:24:03 +0000] "OPTIONS /analytics/trending HTTP/1.1" 200 4 "http://localhost:3000/admin/actions/proSocialNet" "Mozilla/5.0 (Windows NT 10.0; WOW64) AppleWebKit/537.36 (KHTML, like Gecko) Chrome/47.0.2526.111 Safari/537.36"
::1 - - [25/Jan/2016:17:24:03 +0000] "POST /analytics/trending HTTP/1.1" 200 305 "http://localhost:3000/admin/actions/proSocialNet" "Mozilla/5.0 (Windows NT 10.0; WOW64) AppleWebKit/537.36 (KHTML, like Gecko) Chrome/47.0.2526.111 Safari/537.36"
::1 - - [25/Jan/2016:17:24:03 +0000] "POST /analytics/trending HTTP/1.1" 200 305 "http://localhost:3000/admin/actions/proSocialNet" "Mozilla/5.0 (Windows NT 10.0; WOW64) AppleWebKit/537.36 (KHTML, like Gecko) Chrome/47.0.2526.111 Safari/537.36"
::1 - - [25/Jan/2016:17:24:04 +0000] "POST /analytics/trending HTTP/1.1" 200 305 "http://localhost:3000/admin/actions/proSocialNet" "Mozilla/5.0 (Windows NT 10.0; WOW64) AppleWebKit/537.36 (KHTML, like Gecko) Chrome/47.0.2526.111 Safari/537.36"
::1 - - [25/Jan/2016:17:24:11 +0000] "OPTIONS /analytics/trending HTTP/1.1" 200 4 "http://localhost:3000/admin/actions/proSocialNet" "Mozilla/5.0 (Windows NT 10.0; WOW64) AppleWebKit/537.36 (KHTML, like Gecko) Chrome/47.0.2526.111 Safari/537.36"
::1 - - [25/Jan/2016:17:24:11 +0000] "POST /analytics/trending HTTP/1.1" 200 305 "http://localhost:3000/admin/actions/proSocialNet" "Mozilla/5.0 (Windows NT 10.0; WOW64) AppleWebKit/537.36 (KHTML, like Gecko) Chrome/47.0.2526.111 Safari/537.36"
